{"message":"Route found for /_default/ : controllers\\IndexController/index","context":{"context":"Router","part":"getRouteUrlParts","extra":null},"level":200,"level_name":"INFO","channel":"s5eba86ef9e732","datetime":"2020-05-12T13:22:41.661838+02:00","extra":{}}
{"message":"SQLSTATE[HY000] [2002] Aucune connexion n’a pu être établie car l’ordinateur cible l’a expressément refusée.\r\n","context":{"context":"DAO","part":null,"extra":null},"level":400,"level_name":"ERROR","channel":"s5eba86ef9e732","datetime":"2020-05-12T13:23:10.858057+02:00","extra":{}}
{"message":"SQLSTATE[HY000] [2002] Aucune connexion n’a pu être établie car l’ordinateur cible l’a expressément refusée.\r\n","context":{"context":"DAO","part":null,"extra":null},"level":400,"level_name":"ERROR","channel":"s5eba86ef9e732","datetime":"2020-05-12T13:23:22.256078+02:00","extra":{}}
{"message":"SQLSTATE[HY000] [2002] Aucune connexion n’a pu être établie car l’ordinateur cible l’a expressément refusée.\r\n","context":{"context":"DAO","part":null,"extra":null},"level":400,"level_name":"ERROR","channel":"s5eba86ef9e732","datetime":"2020-05-12T13:23:39.502211+02:00","extra":{}}
{"message":"SQLSTATE[HY000] [1049] Unknown database 'newbase'","context":{"context":"DAO","part":null,"extra":null},"level":400,"level_name":"ERROR","channel":"s5eba86ef9e732","datetime":"2020-05-12T13:24:09.813913+02:00","extra":{}}
{"message":"SQLSTATE[HY000] [1049] Unknown database 'newbase'","context":{"context":"DAO","part":null,"extra":null},"level":400,"level_name":"ERROR","channel":"s5eba86ef9e732","datetime":"2020-05-12T13:24:14.727538+02:00","extra":{}}
{"message":"Start transaction","context":{"context":"Transactions","part":"beginTransaction","extra":null},"level":200,"level_name":"INFO","channel":"s5eba86ef9e732","datetime":"2020-05-12T13:24:14.960492+02:00","extra":{}}
{"message":"Commit transaction","context":{"context":"Transactions","part":"commit","extra":null},"level":200,"level_name":"INFO","channel":"s5eba86ef9e732","datetime":"2020-05-12T13:24:18.070283+02:00","extra":{}}
{"message":"SELECT COUNT(*) FROM `inscription`","context":{"context":"Database","part":"prepareAndFetchColumn","extra":null},"level":200,"level_name":"INFO","channel":"s5eba86ef9e732","datetime":"2020-05-12T13:25:28.316808+02:00","extra":{}}
{"message":"SELECT COUNT(*) FROM `inscription`","context":{"context":"Database","part":"prepareAndFetchColumn","extra":null},"level":200,"level_name":"INFO","channel":"s5eba86ef9e732","datetime":"2020-05-12T13:32:22.421479+02:00","extra":{}}
{"message":"Route found for /_default/ : controllers\\IndexController/index","context":{"context":"Router","part":"getRouteUrlParts","extra":null},"level":200,"level_name":"INFO","channel":"s5eba86ef9e732","datetime":"2020-05-12T13:32:22.592488+02:00","extra":{}}
{"message":"Route found for /_default/ : controllers\\IndexController/index","context":{"context":"Router","part":"getRouteUrlParts","extra":null},"level":200,"level_name":"INFO","channel":"s5eba86ef9e732","datetime":"2020-05-12T13:32:22.682274+02:00","extra":{}}
{"message":"Route found for /_default/ : controllers\\IndexController/index","context":{"context":"Router","part":"getRouteUrlParts","extra":null},"level":200,"level_name":"INFO","channel":"s5eba86ef9e732","datetime":"2020-05-12T13:32:39.714485+02:00","extra":{}}
{"message":"SELECT COUNT(*) FROM `inscription`","context":{"context":"Database","part":"prepareAndFetchColumn","extra":null},"level":200,"level_name":"INFO","channel":"s5eba86ef9e732","datetime":"2020-05-12T13:33:05.650090+02:00","extra":{}}
{"message":"SELECT COUNT(*) FROM `inscription`","context":{"context":"Database","part":"prepareAndFetchColumn","extra":null},"level":200,"level_name":"INFO","channel":"s5eba86ef9e732","datetime":"2020-05-12T13:35:51.819585+02:00","extra":{}}
{"message":"SELECT COUNT(*) FROM `inscription`","context":{"context":"Database","part":"prepareAndFetchColumn","extra":null},"level":200,"level_name":"INFO","channel":"s5eba86ef9e732","datetime":"2020-05-12T13:46:52.618862+02:00","extra":{}}
{"message":"Route found for /_default/ : controllers\\IndexController/index","context":{"context":"Router","part":"getRouteUrlParts","extra":null},"level":200,"level_name":"INFO","channel":"s5eba86ef9e732","datetime":"2020-05-12T13:59:45.655989+02:00","extra":{}}
{"message":"Route found for /_default/ : controllers\\IndexController/index","context":{"context":"Router","part":"getRouteUrlParts","extra":null},"level":200,"level_name":"INFO","channel":"s5eba86ef9e732","datetime":"2020-05-12T13:59:49.339438+02:00","extra":{}}
{"message":"The controller `controllers\\_default` doesn't exists! <br/>","context":{"context":"Startup","part":"runAction","extra":null},"level":300,"level_name":"WARNING","channel":"s5eba86ef9e732","datetime":"2020-05-12T14:00:48.774651+02:00","extra":{}}
{"message":"The controller `controllers\\_default` doesn't exists! <br/>","context":{"context":"Startup","part":"runAction","extra":null},"level":300,"level_name":"WARNING","channel":"s5eba86ef9e732","datetime":"2020-05-12T14:00:51.091328+02:00","extra":{}}
{"message":"The controller `controllers\\_default` doesn't exists! <br/>","context":{"context":"Startup","part":"runAction","extra":null},"level":300,"level_name":"WARNING","channel":"s5eba86ef9e732","datetime":"2020-05-12T14:01:27.988440+02:00","extra":{}}
{"message":"The controller `controllers\\_default` doesn't exists! <br/>","context":{"context":"Startup","part":"runAction","extra":null},"level":300,"level_name":"WARNING","channel":"s5eba86ef9e732","datetime":"2020-05-12T14:01:57.674920+02:00","extra":{}}
{"message":"The controller `controllers\\_default` doesn't exists! <br/>","context":{"context":"Startup","part":"runAction","extra":null},"level":300,"level_name":"WARNING","channel":"s5eba86ef9e732","datetime":"2020-05-12T14:01:58.520228+02:00","extra":{}}
{"message":"The controller `controllers\\_default` doesn't exists! <br/>","context":{"context":"Startup","part":"runAction","extra":null},"level":300,"level_name":"WARNING","channel":"s5eba86ef9e732","datetime":"2020-05-12T14:02:16.902856+02:00","extra":{}}
{"message":"Route found for /_default/ : controllers\\InscriptionsController/index","context":{"context":"Router","part":"getRouteUrlParts","extra":null},"level":200,"level_name":"INFO","channel":"s5eba86ef9e732","datetime":"2020-05-12T14:02:39.212089+02:00","extra":{}}
{"message":"Route found for /_default/ : controllers\\InscriptionsController/index","context":{"context":"Router","part":"getRouteUrlParts","extra":null},"level":200,"level_name":"INFO","channel":"s5eba86ef9e732","datetime":"2020-05-12T14:03:37.258953+02:00","extra":{}}
{"message":"Route found for /_default/ : controllers\\InscriptionsController/index","context":{"context":"Router","part":"getRouteUrlParts","extra":null},"level":200,"level_name":"INFO","channel":"s5eba86ef9e732","datetime":"2020-05-12T14:04:05.364623+02:00","extra":{}}
{"message":"Route found for /_default/ : controllers\\InscriptionsController/index","context":{"context":"Router","part":"getRouteUrlParts","extra":null},"level":200,"level_name":"INFO","channel":"s5eba86ef9e732","datetime":"2020-05-12T14:04:59.094253+02:00","extra":{}}
{"message":"SELECT COUNT(*) FROM `inscription`","context":{"context":"Database","part":"prepareAndFetchColumn","extra":null},"level":200,"level_name":"INFO","channel":"s5eba86ef9e732","datetime":"2020-05-12T14:12:18.205395+02:00","extra":{}}
{"message":"Route found for /_default/ : controllers\\InscriptionsController/index","context":{"context":"Router","part":"getRouteUrlParts","extra":null},"level":200,"level_name":"INFO","channel":"s5eba86ef9e732","datetime":"2020-05-12T14:23:38.269384+02:00","extra":{}}
{"message":"Route found for /Inscription/ : controllers\\InscriptionsController/Bouton","context":{"context":"Router","part":"getRouteUrlParts","extra":null},"level":200,"level_name":"INFO","channel":"s5eba86ef9e732","datetime":"2020-05-12T14:23:53.377237+02:00","extra":{}}
{"message":"Route found for /_default/ : controllers\\InscriptionsController/index","context":{"context":"Router","part":"getRouteUrlParts","extra":null},"level":200,"level_name":"INFO","channel":"s5eba86ef9e732","datetime":"2020-05-12T14:23:55.257515+02:00","extra":{}}
{"message":"Route found for /_default/ : controllers\\InscriptionsController/index","context":{"context":"Router","part":"getRouteUrlParts","extra":null},"level":200,"level_name":"INFO","channel":"s5eba86ef9e732","datetime":"2020-05-12T14:26:11.741815+02:00","extra":{}}
{"message":"Route found for /_default/ : controllers\\InscriptionsController/index","context":{"context":"Router","part":"getRouteUrlParts","extra":null},"level":200,"level_name":"INFO","channel":"s5eba86ef9e732","datetime":"2020-05-12T14:27:19.979316+02:00","extra":{}}
{"message":"Route found for /_default/ : controllers\\InscriptionsController/index","context":{"context":"Router","part":"getRouteUrlParts","extra":null},"level":200,"level_name":"INFO","channel":"s5eba86ef9e732","datetime":"2020-05-12T14:27:25.580561+02:00","extra":{}}
{"message":"Route found for /_default/ : controllers\\InscriptionsController/index","context":{"context":"Router","part":"getRouteUrlParts","extra":null},"level":200,"level_name":"INFO","channel":"s5eba86ef9e732","datetime":"2020-05-12T14:32:43.497892+02:00","extra":{}}
{"message":"The controller `controllers\\inscription` doesn't exists! <br/>","context":{"context":"Startup","part":"runAction","extra":null},"level":300,"level_name":"WARNING","channel":"s5eba86ef9e732","datetime":"2020-05-12T14:32:45.390008+02:00","extra":{}}
{"message":"Route found for /_default/ : controllers\\InscriptionsController/index","context":{"context":"Router","part":"getRouteUrlParts","extra":null},"level":200,"level_name":"INFO","channel":"s5eba86ef9e732","datetime":"2020-05-12T14:32:46.616097+02:00","extra":{}}
{"message":"The controller `controllers\\inscription` doesn't exists! <br/>","context":{"context":"Startup","part":"runAction","extra":null},"level":300,"level_name":"WARNING","channel":"s5eba86ef9e732","datetime":"2020-05-12T14:32:47.916155+02:00","extra":{}}
{"message":"Route found for /_default/ : controllers\\InscriptionsController/index","context":{"context":"Router","part":"getRouteUrlParts","extra":null},"level":200,"level_name":"INFO","channel":"s5eba86ef9e732","datetime":"2020-05-12T14:32:48.925574+02:00","extra":{}}
{"message":"Route found for /_default/ : controllers\\InscriptionsController/index","context":{"context":"Router","part":"getRouteUrlParts","extra":null},"level":200,"level_name":"INFO","channel":"s5eba86ef9e732","datetime":"2020-05-12T14:32:56.054269+02:00","extra":{}}
{"message":"Route found for /_default/ : controllers\\InscriptionsController/index","context":{"context":"Router","part":"getRouteUrlParts","extra":null},"level":200,"level_name":"INFO","channel":"s5eba86ef9e732","datetime":"2020-05-12T14:33:05.036417+02:00","extra":{}}
{"message":"The controller `controllers\\inscription` doesn't exists! <br/>","context":{"context":"Startup","part":"runAction","extra":null},"level":300,"level_name":"WARNING","channel":"s5eba86ef9e732","datetime":"2020-05-12T14:33:06.064060+02:00","extra":{}}
{"message":"Route found for /_default/ : controllers\\InscriptionsController/index","context":{"context":"Router","part":"getRouteUrlParts","extra":null},"level":200,"level_name":"INFO","channel":"s5eba86ef9e732","datetime":"2020-05-12T14:33:16.592468+02:00","extra":{}}
{"message":"Route found for /_default/ : controllers\\InscriptionsController/index","context":{"context":"Router","part":"getRouteUrlParts","extra":null},"level":200,"level_name":"INFO","channel":"s5eba86ef9e732","datetime":"2020-05-12T14:33:17.315819+02:00","extra":{}}
{"message":"The controller `controllers\\Bouton.html` doesn't exists! <br/>","context":{"context":"Startup","part":"runAction","extra":null},"level":300,"level_name":"WARNING","channel":"s5eba86ef9e732","datetime":"2020-05-12T14:33:18.319898+02:00","extra":{}}
{"message":"Route found for /_default/ : controllers\\InscriptionsController/index","context":{"context":"Router","part":"getRouteUrlParts","extra":null},"level":200,"level_name":"INFO","channel":"s5eba86ef9e732","datetime":"2020-05-12T14:33:33.307418+02:00","extra":{}}
{"message":"Route found for /_default/ : controllers\\InscriptionsController/index","context":{"context":"Router","part":"getRouteUrlParts","extra":null},"level":200,"level_name":"INFO","channel":"s5eba86ef9e732","datetime":"2020-05-12T14:33:33.809928+02:00","extra":{}}
{"message":"Route found for /Inscription/ : controllers\\InscriptionsController/Bouton","context":{"context":"Router","part":"getRouteUrlParts","extra":null},"level":200,"level_name":"INFO","channel":"s5eba86ef9e732","datetime":"2020-05-12T14:33:39.537274+02:00","extra":{}}
{"message":"Route found for /Inscription/ : controllers\\InscriptionsController/Bouton","context":{"context":"Router","part":"getRouteUrlParts","extra":null},"level":200,"level_name":"INFO","channel":"s5eba86ef9e732","datetime":"2020-05-12T14:40:38.345476+02:00","extra":{}}
{"message":"Route found for /Inscription/ : controllers\\InscriptionsController/Bouton","context":{"context":"Router","part":"getRouteUrlParts","extra":null},"level":200,"level_name":"INFO","channel":"s5eba86ef9e732","datetime":"2020-05-12T14:41:02.798601+02:00","extra":{}}
{"message":"Route found for /Inscription/ : controllers\\InscriptionsController/Bouton","context":{"context":"Router","part":"getRouteUrlParts","extra":null},"level":200,"level_name":"INFO","channel":"s5eba86ef9e732","datetime":"2020-05-12T14:41:11.595324+02:00","extra":{}}
{"message":"Route found for /Inscription/ : controllers\\InscriptionsController/Bouton","context":{"context":"Router","part":"getRouteUrlParts","extra":null},"level":200,"level_name":"INFO","channel":"s5eba86ef9e732","datetime":"2020-05-12T14:41:18.692421+02:00","extra":{}}
{"message":"Route found for /Inscription/ : controllers\\InscriptionsController/Bouton","context":{"context":"Router","part":"getRouteUrlParts","extra":null},"level":200,"level_name":"INFO","channel":"s5eba86ef9e732","datetime":"2020-05-12T14:41:32.047213+02:00","extra":{}}
{"message":"Route found for /Inscription/ : controllers\\InscriptionsController/Bouton","context":{"context":"Router","part":"getRouteUrlParts","extra":null},"level":200,"level_name":"INFO","channel":"s5eba86ef9e732","datetime":"2020-05-12T14:41:38.238708+02:00","extra":{}}
{"message":"Route found for /Inscription/ : controllers\\InscriptionsController/Bouton","context":{"context":"Router","part":"getRouteUrlParts","extra":null},"level":200,"level_name":"INFO","channel":"s5eba86ef9e732","datetime":"2020-05-12T14:42:12.147312+02:00","extra":{}}
{"message":"Route found for /Inscription/ : controllers\\InscriptionsController/Bouton","context":{"context":"Router","part":"getRouteUrlParts","extra":null},"level":200,"level_name":"INFO","channel":"s5eba86ef9e732","datetime":"2020-05-12T14:42:35.431611+02:00","extra":{}}
{"message":"Route found for /Inscription/ : controllers\\InscriptionsController/Bouton","context":{"context":"Router","part":"getRouteUrlParts","extra":null},"level":200,"level_name":"INFO","channel":"s5eba86ef9e732","datetime":"2020-05-12T14:42:46.491109+02:00","extra":{}}
{"message":"The controller `controllers\\do` doesn't exists! <br/>","context":{"context":"Startup","part":"runAction","extra":null},"level":300,"level_name":"WARNING","channel":"s5eba86ef9e732","datetime":"2020-05-12T15:39:02.541921+02:00","extra":{}}
{"message":"Route found for /Inscription/ : controllers\\InscriptionsController/Bouton","context":{"context":"Router","part":"getRouteUrlParts","extra":null},"level":200,"level_name":"INFO","channel":"s5eba86ef9e732","datetime":"2020-05-12T15:39:26.715660+02:00","extra":{}}
{"message":"Route found for /Inscription/ : controllers\\InscriptionsController/Bouton","context":{"context":"Router","part":"getRouteUrlParts","extra":null},"level":200,"level_name":"INFO","channel":"s5eba86ef9e732","datetime":"2020-05-12T15:40:42.743057+02:00","extra":{}}
{"message":"The controller `controllers\\do` doesn't exists! <br/>","context":{"context":"Startup","part":"runAction","extra":null},"level":300,"level_name":"WARNING","channel":"s5eba86ef9e732","datetime":"2020-05-12T15:40:44.921878+02:00","extra":{}}
